Start testing: Apr 28 09:40 RTZ 2 (çèìà)
----------------------------------------------------------
1/2 Testing: test_run
1/2 Test: test_run
Command: "C:/Users/tr1an/Projects/cmake/tutorial/out/build/x64-Debug/main.exe"
Directory: C:/Users/tr1an/Projects/cmake/tutorial/out/build/x64-Debug
"test_run" start time: Apr 28 09:40 RTZ 2 (çèìà)
Output:
----------------------------------------------------------
Project version 4.0.0.0 
<end of output>
Test time =   0.03 sec
----------------------------------------------------------
Test Passed.
"test_run" end time: Apr 28 09:40 RTZ 2 (çèìà)
"test_run" time elapsed: 00:00:00
----------------------------------------------------------

2/2 Testing: test_version
2/2 Test: test_version
Command: "C:/Users/tr1an/Projects/cmake/tutorial/out/build/x64-Debug/main.exe"
Directory: C:/Users/tr1an/Projects/cmake/tutorial/out/build/x64-Debug
"test_version" start time: Apr 28 09:40 RTZ 2 (çèìà)
Output:
----------------------------------------------------------
Project version 4.0.0.0 
<end of output>
Test time =   0.01 sec
----------------------------------------------------------
Test Fail Reason:
Required regular expression not found. Regex=[Project version 4..0.0.0 
]
"test_version" end time: Apr 28 09:40 RTZ 2 (çèìà)
"test_version" time elapsed: 00:00:00
----------------------------------------------------------

End testing: Apr 28 09:40 RTZ 2 (çèìà)
